{
  "stats": {
    "suites": 1,
    "tests": 2,
    "passes": 2,
    "pending": 0,
    "failures": 0,
    "start": "2022-04-02T14:27:18.785Z",
    "end": "2022-04-02T14:27:22.952Z",
    "duration": 2233,
    "testsRegistered": 2,
    "passPercent": 100,
    "pendingPercent": 0,
    "other": 0,
    "hasOther": false,
    "skipped": 0,
    "hasSkipped": false
  },
  "results": [
    {
      "uuid": "b6996c6a-5f22-4bcb-af20-30083bd29bd1",
      "title": "",
      "fullFile": "cypress/integration/result.spec.js",
      "file": "cypress/integration/result.spec.js",
      "beforeHooks": [],
      "afterHooks": [],
      "tests": [],
      "suites": [
        {
          "uuid": "57b329d3-0a5a-4dc8-ae90-68810e46c814",
          "title": "Result Page Render",
          "fullFile": "",
          "file": "",
          "beforeHooks": [],
          "afterHooks": [],
          "tests": [
            {
              "title": "Render Result Page",
              "fullTitle": "Result Page Render Render Result Page",
              "timedOut": null,
              "duration": 1264,
              "state": "passed",
              "speed": "fast",
              "pass": true,
              "fail": false,
              "pending": false,
              "context": null,
              "code": "cy.visit('https://sw-development-group6-project.vercel.app/result/KFC/RESTAURANT');",
              "err": {},
              "uuid": "feb405a4-a685-4924-9557-dd667eb4091d",
              "parentUUID": "57b329d3-0a5a-4dc8-ae90-68810e46c814",
              "isHook": false,
              "skipped": false
            },
            {
              "title": "Check component in Result Page",
              "fullTitle": "Result Page Render Check component in Result Page",
              "timedOut": null,
              "duration": 969,
              "state": "passed",
              "speed": "fast",
              "pass": true,
              "fail": false,
              "pending": false,
              "context": null,
              "code": "cy.get('h1').contains('ผลลัพธ์การค้นหา \"KFC\"');\ncy.get('div.card').should('be.visible');\ncy.get('img').should('be.visible');\ncy.get('div.col-9').should('be.visible');",
              "err": {},
              "uuid": "032672bc-19c1-4a66-b684-3230e0dfb18c",
              "parentUUID": "57b329d3-0a5a-4dc8-ae90-68810e46c814",
              "isHook": false,
              "skipped": false
            }
          ],
          "suites": [],
          "passes": [
            "feb405a4-a685-4924-9557-dd667eb4091d",
            "032672bc-19c1-4a66-b684-3230e0dfb18c"
          ],
          "failures": [],
          "pending": [],
          "skipped": [],
          "duration": 2233,
          "root": false,
          "rootEmpty": false,
          "_timeout": 2000
        }
      ],
      "passes": [],
      "failures": [],
      "pending": [],
      "skipped": [],
      "duration": 0,
      "root": true,
      "rootEmpty": true,
      "_timeout": 2000
    }
  ],
  "meta": {
    "mocha": {
      "version": "7.0.1"
    },
    "mochawesome": {
      "options": {
        "quiet": false,
        "reportFilename": "mochawesome",
        "saveHtml": false,
        "saveJson": true,
        "consoleReporter": "spec",
        "useInlineDiffs": false,
        "code": true
      },
      "version": "7.1.3"
    },
    "marge": {
      "options": {
        "id": "default",
        "reportDir": "cypress/reports/mocha",
        "quite": true,
        "overwrite": false,
        "html": false,
        "json": true
      },
      "version": "6.2.0"
    }
  }
}